\BOOKMARK [0][-]{Doc-Start}{Acknowledgements}{}% 1
\BOOKMARK [0][-]{Doc-Start}{Statement of Originality}{}% 2
\BOOKMARK [0][-]{Doc-Start}{Abstract}{}% 3
\BOOKMARK [0][-]{Doc-Start}{List of Abbreviations}{}% 4
\BOOKMARK [0][-]{chapter.1}{Introduction}{}% 5
\BOOKMARK [1][-]{section.1.1}{Motivation}{chapter.1}% 6
\BOOKMARK [1][-]{section.1.2}{Objectives}{chapter.1}% 7
\BOOKMARK [0][-]{chapter.2}{Background Theory}{}% 8
\BOOKMARK [1][-]{section.2.1}{Autism Spectrum Disorders \(ASD\)}{chapter.2}% 9
\BOOKMARK [1][-]{section.2.2}{Applied Behavior Analysis \(ABA\)}{chapter.2}% 10
\BOOKMARK [1][-]{section.2.3}{Early Start Denver Model \(ESDM\)}{chapter.2}% 11
\BOOKMARK [1][-]{section.2.4}{Electroencephalogram \(EEG\)}{chapter.2}% 12
\BOOKMARK [1][-]{section.2.5}{Serious Games and Gamification}{chapter.2}% 13
\BOOKMARK [1][-]{section.2.6}{Artificial Intelligence \(AI\)}{chapter.2}% 14
\BOOKMARK [2][-]{subsection.2.6.1}{Long Short-Term Memory \(LSTM\)}{section.2.6}% 15
\BOOKMARK [2][-]{subsection.2.6.2}{Convolutional Neural Network \(CNN\)}{section.2.6}% 16
\BOOKMARK [2][-]{subsection.2.6.3}{Performance Metrics}{section.2.6}% 17
\BOOKMARK [2][-]{subsection.2.6.4}{Ethics}{section.2.6}% 18
\BOOKMARK [0][-]{chapter.3}{Gaming Platform}{}% 19
\BOOKMARK [1][-]{section.3.1}{Hardware implementation}{chapter.3}% 20
\BOOKMARK [1][-]{section.3.2}{First Game Development}{chapter.3}% 21
\BOOKMARK [1][-]{section.3.3}{Imitation Games}{chapter.3}% 22
\BOOKMARK [2][-]{subsection.3.3.1}{Second Game Development}{section.3.3}% 23
\BOOKMARK [2][-]{subsection.3.3.2}{Third Game Development}{section.3.3}% 24
\BOOKMARK [2][-]{subsection.3.3.3}{Fourth Game Development}{section.3.3}% 25
\BOOKMARK [1][-]{section.3.4}{Joint Attention Games}{chapter.3}% 26
\BOOKMARK [2][-]{subsection.3.4.1}{Fifth Game Development}{section.3.4}% 27
\BOOKMARK [2][-]{subsection.3.4.2}{Sixth Game Development}{section.3.4}% 28
\BOOKMARK [2][-]{subsection.3.4.3}{Seventh Game Development}{section.3.4}% 29
\BOOKMARK [1][-]{section.3.5}{EEG Cap}{chapter.3}% 30
\BOOKMARK [0][-]{chapter.4}{Artificial Intelligence}{}% 31
\BOOKMARK [1][-]{section.4.1}{Faces Responses in Children with ASD}{chapter.4}% 32
\BOOKMARK [2][-]{subsection.4.1.1}{ML Classification}{section.4.1}% 33
\BOOKMARK [2][-]{subsection.4.1.2}{Deep Learning Classification}{section.4.1}% 34
\BOOKMARK [3][-]{subsubsection.4.1.2.1}{Long Short-Term Memory}{subsection.4.1.2}% 35
\BOOKMARK [3][-]{subsubsection.4.1.2.2}{Convolutional Neural Network}{subsection.4.1.2}% 36
\BOOKMARK [1][-]{section.4.2}{Autism Study Using Behaviour Imaging}{chapter.4}% 37
\BOOKMARK [2][-]{subsection.4.2.1}{Game Application}{section.4.2}% 38
\BOOKMARK [0][-]{chapter.5}{Project Management}{}% 39
\BOOKMARK [1][-]{section.5.1}{Time Management}{chapter.5}% 40
\BOOKMARK [1][-]{section.5.2}{Ethics Application}{chapter.5}% 41
\BOOKMARK [1][-]{section.5.3}{Project Challenges}{chapter.5}% 42
\BOOKMARK [0][-]{chapter.6}{Conclusion}{}% 43
\BOOKMARK [1][-]{section.6.1}{Further Advancements}{chapter.6}% 44
\BOOKMARK [0][-]{section.6.1}{Bibligraphy}{}% 45
\BOOKMARK [0][-]{section*.38}{Appendices}{}% 46
\BOOKMARK [1][-]{section.1..1}{Project Management}{section*.38}% 47
\BOOKMARK [1][-]{section.1..2}{Evaluation Board wiring and stand}{section*.38}% 48
\BOOKMARK [1][-]{section.1..3}{Project Brief}{section*.38}% 49
\BOOKMARK [1][-]{section.1..4}{Hardware Costs}{section*.38}% 50
\BOOKMARK [1][-]{section.1..5}{Listings}{section*.38}% 51
\BOOKMARK [1][-]{section.1..6}{Ethics Application}{section*.38}% 52
\BOOKMARK [1][-]{section.1..7}{ML MATLAB Analysis}{section*.38}% 53
\BOOKMARK [1][-]{section.1..8}{Individual Stimulus Data-sets Results}{section*.38}% 54
\BOOKMARK [1][-]{section.1..9}{Decision Tree Classification}{section*.38}% 55
\BOOKMARK [1][-]{section.1..10}{LSTM Training/Test Loss and Accuracy}{section*.38}% 56
\BOOKMARK [1][-]{section.1..11}{Design Archive Guide}{section*.38}% 57
\BOOKMARK [1][-]{section.1..12}{Word Count}{section*.38}% 58
